<?xml version="1.0" encoding="UTF-8"?>
<!-- Generated by org.testng.reporters.JUnitReportReporter -->
<testsuite hostname="DESKTOP-8K5L6MP" failures="0" tests="1" name="DWS.Task2_FillFacebookDetails" time="33.491" errors="0" timestamp="2024-08-08T16:13:24 IST" skipped="0">
  <testcase classname="DWS.Task2_FillFacebookDetails" name="signUpSocialMedia" time="33.491"/>
  <system-out>
signUpSocialMedia onTestSuccess  </system-out>
</testsuite> <!-- DWS.Task2_FillFacebookDetails -->
