<?xml version="1.0" encoding="UTF-8"?>
<!-- Generated by org.testng.reporters.JUnitReportReporter -->
<testsuite hostname="DESKTOP-8K5L6MP" failures="0" tests="1" name="Vtiger.Task6_CreateOrg" time="24.635" errors="0" timestamp="2024-08-08T15:12:24 IST" skipped="0">
  <testcase classname="Vtiger.Task6_CreateOrg" name="createOrganization" time="24.635"/>
  <system-out>
createOrganization onTestSuccess  </system-out>
</testsuite> <!-- Vtiger.Task6_CreateOrg -->
